<?xml version="1.0" encoding="UTF-8"?>
<testng-results ignored="0" total="1" passed="1" failed="0" skipped="0">
  <reporter-output>
  </reporter-output>
  <suite started-at="2025-04-05T17:11:57 IST" name="Default suite" finished-at="2025-04-05T17:13:38 IST" duration-ms="100095">
    <groups>
    </groups>
    <test started-at="2025-04-05T17:11:57 IST" name="Default test" finished-at="2025-04-05T17:13:38 IST" duration-ms="100095">
      <class name="Restaurants.Restaurants">
        <test-method is-config="true" signature="init()[pri:0, instance:Restaurants.Restaurants@7e7be63f]" started-at="2025-04-05T17:11:57 IST" name="init" finished-at="2025-04-05T17:12:28 IST" duration-ms="30023" status="PASS">
          <reporter-output>
          </reporter-output>
        </test-method> <!-- init -->
        <test-method signature="foodDeliveryPage()[pri:0, instance:Restaurants.Restaurants@7e7be63f]" started-at="2025-04-05T17:12:28 IST" name="foodDeliveryPage" finished-at="2025-04-05T17:13:33 IST" duration-ms="65337" status="PASS">
          <reporter-output>
          </reporter-output>
        </test-method> <!-- foodDeliveryPage -->
        <test-method is-config="true" signature="quit()[pri:0, instance:Restaurants.Restaurants@7e7be63f]" started-at="2025-04-05T17:13:33 IST" name="quit" finished-at="2025-04-05T17:13:38 IST" duration-ms="4666" status="PASS">
          <reporter-output>
          </reporter-output>
        </test-method> <!-- quit -->
      </class> <!-- Restaurants.Restaurants -->
    </test> <!-- Default test -->
  </suite> <!-- Default suite -->
</testng-results>
